Arguments: 
  /usr/local/bin/node /usr/local/Cellar/yarn/1.19.1/libexec/bin/yarn.js publish

PATH: 
  /opt/local/bin:/opt/local/sbin:/usr/local/bin:/usr/bin:/bin:/usr/sbin:/sbin:/opt/local/bin:/opt/local/sbin

Yarn version: 
  1.19.1

Node version: 
  8.11.3

Platform: 
  darwin x64

Trace: 
  Error: canceled
      at Interface.<anonymous> (/usr/local/Cellar/yarn/1.19.1/libexec/lib/cli.js:136824:13)
      at emitNone (events.js:106:13)
      at Interface.emit (events.js:208:7)
      at Interface._ttyWrite (readline.js:774:16)
      at ReadStream.onkeypress (readline.js:158:10)
      at emitTwo (events.js:126:13)
      at ReadStream.emit (events.js:214:7)
      at emitKeys (internal/readline.js:420:14)
      at emitKeys.next (<anonymous>)
      at ReadStream.onData (readline.js:1010:36)

npm manifest: 
  {
    "name": "side-select-px",
    "version": "1.0.1",
    "description": "a component react native to select a side",
    "main": "index.js",
    "homepage": "https://github.com/thiagosalper/side-select-px",
    "bugs": "https://github.com/thiagosalper/side-select-px/issues",
    "repository":{
      "url": "https://github.com/thiagosalper/side-select-px",
      "type": "git"
    },
    "author": "Thiago Pereira <thiago_salper@hotmail.com>",
    "license": "MIT"
  }

yarn manifest: 
  No manifest

Lockfile: 
  # THIS IS AN AUTOGENERATED FILE. DO NOT EDIT THIS FILE DIRECTLY.
  # yarn lockfile v1
